[2025-09-22T17:08:54.159Z] LOG: [2025-09-22T17:08:54.153Z] 开始执行新闻抓取任务...
[2025-09-22T17:08:54.159Z] LOG: 开始抓取新闻...
[2025-09-22T17:08:54.462Z] LOG: 数据库连接成功
[2025-09-22T17:08:54.462Z] LOG: 正在解析 RSS 源: https://www.asahi.com/rss/asahi/newsheadlines.rdf
[2025-09-22T17:08:54.694Z] LOG: RSS 源 "Asahi" 包含 40 条新闻
[2025-09-22T17:08:58.173Z] LOG: [Asahi] 経済 新闻已存储： 科学漫画サバイバルのジオと万博で学ぶ循環型経済　23日から開催
[2025-09-22T17:08:59.094Z] LOG: RSS 源 "Asahi" 处理完成: 新增 1 条, 跳过 39 条
[2025-09-22T17:08:59.095Z] LOG: 正在解析 RSS 源: https://www.nhk.or.jp/rss/news/cat0.xml
[2025-09-22T17:08:59.344Z] LOG: RSS 源 "NHK" 包含 7 条新闻
[2025-09-22T17:08:59.558Z] LOG: [NHK] 経済 新闻已存储： 自民総裁選 告示 5人が立候補 本格的な論戦始まる
[2025-09-22T17:09:00.190Z] LOG: RSS 源 "NHK" 处理完成: 新增 1 条, 跳过 6 条
[2025-09-22T17:09:00.191Z] LOG: 抓取完成！
[2025-09-22T17:09:00.192Z] LOG: [2025-09-22T17:09:00.192Z] 新闻抓取任务完成
[2025-09-22T17:19:45.015Z] LOG: [2025-09-22T17:19:45.008Z] 开始执行昨日新闻抓取任务...
[2025-09-22T17:19:45.016Z] LOG: 开始抓取新闻...
[2025-09-22T17:19:45.433Z] LOG: 数据库连接成功
[2025-09-22T17:19:45.434Z] LOG: 正在解析 RSS 源: https://www.asahi.com/rss/asahi/newsheadlines.rdf
[2025-09-22T17:19:46.101Z] LOG: RSS 源 "Asahi" 包含 40 条新闻
[2025-09-22T17:19:49.411Z] LOG: RSS 源 "Asahi" 处理完成: 新增 0 条, 跳过 40 条
[2025-09-22T17:19:49.411Z] LOG: 正在解析 RSS 源: https://www.nhk.or.jp/rss/news/cat0.xml
[2025-09-22T17:19:49.561Z] LOG: RSS 源 "NHK" 包含 7 条新闻
[2025-09-22T17:19:50.140Z] LOG: RSS 源 "NHK" 处理完成: 新增 0 条, 跳过 7 条
[2025-09-22T17:19:50.140Z] LOG: 抓取完成！
[2025-09-22T17:19:50.141Z] LOG: [2025-09-22T17:19:50.141Z] 昨日新闻抓取任务完成
[2025-09-23T00:51:53.689Z] LOG: [2025-09-23T00:51:53.685Z] 开始执行新闻抓取任务...
[2025-09-23T00:51:53.691Z] LOG: 开始抓取新闻...
[2025-09-23T00:51:54.623Z] LOG: 数据库连接成功
[2025-09-23T00:51:54.623Z] LOG: 正在解析 RSS 源: https://www.asahi.com/rss/asahi/newsheadlines.rdf
[2025-09-23T00:51:54.987Z] LOG: RSS 源 "Asahi" 包含 40 条新闻
[2025-09-23T00:51:58.276Z] LOG: [Asahi] 政治 新闻已存储： 米国の人気トーク番組が放送再開へ　政治活動家射殺めぐる発言で休止
[2025-09-23T00:51:59.530Z] LOG: RSS 源 "Asahi" 处理完成: 新增 1 条, 跳过 39 条
[2025-09-23T00:51:59.531Z] LOG: 正在解析 RSS 源: https://www.nhk.or.jp/rss/news/cat0.xml
[2025-09-23T00:51:59.725Z] LOG: RSS 源 "NHK" 包含 7 条新闻
[2025-09-23T00:51:59.907Z] LOG: [NHK] 経済 新闻已存储： 自民総裁選 きょうも公開討論会など開催 5人の論戦続く
[2025-09-23T00:52:00.354Z] LOG: RSS 源 "NHK" 处理完成: 新增 1 条, 跳过 6 条
[2025-09-23T00:52:00.356Z] LOG: 抓取完成！
[2025-09-23T00:52:00.356Z] LOG: [2025-09-23T00:52:00.356Z] 新闻抓取任务完成
